0 info it worked if it ends with ok
1 verbose cli [ '/usr/local/Cellar/node/7.4.0/bin/node',
1 verbose cli   '/usr/local/bin/npm',
1 verbose cli   'run',
1 verbose cli   'deploy' ]
2 info using npm@4.0.5
3 info using node@v7.4.0
4 verbose run-script [ 'predeploy', 'deploy', 'postdeploy' ]
5 info lifecycle RockyBoy@1.0.0~predeploy: RockyBoy@1.0.0
6 verbose lifecycle RockyBoy@1.0.0~predeploy: unsafe-perm in lifecycle true
7 verbose lifecycle RockyBoy@1.0.0~predeploy: PATH: /usr/local/lib/node_modules/npm/bin/node-gyp-bin:/Users/franciscocaballero/react/react-realestate/Starter-Kit-2018/node_modules/.bin:/usr/local/bin:/usr/local/bin:/Users/franciscocaballero/.rvm/gems/ruby-2.4.0/bin:/Users/franciscocaballero/.rvm/gems/ruby-2.4.0@global/bin:/Users/franciscocaballero/.rvm/rubies/ruby-2.4.0/bin:/usr/local/bin:/usr/local/bin:/usr/bin:/bin:/usr/sbin:/sbin:/usr/local/bin:/Applications/Postgres.app/Contents/Versions/latest/bin:/Users/franciscocaballero/.rvm/bin
8 verbose lifecycle RockyBoy@1.0.0~predeploy: CWD: /Users/franciscocaballero/react/react-realestate/Starter-Kit-2018
9 silly lifecycle RockyBoy@1.0.0~predeploy: Args: [ '-c', 'npm run build' ]
10 silly lifecycle RockyBoy@1.0.0~predeploy: Returned: code: 1  signal: null
11 info lifecycle RockyBoy@1.0.0~predeploy: Failed to exec predeploy script
12 verbose stack Error: RockyBoy@1.0.0 predeploy: `npm run build`
12 verbose stack Exit status 1
12 verbose stack     at EventEmitter.<anonymous> (/usr/local/lib/node_modules/npm/lib/utils/lifecycle.js:279:16)
12 verbose stack     at emitTwo (events.js:106:13)
12 verbose stack     at EventEmitter.emit (events.js:191:7)
12 verbose stack     at ChildProcess.<anonymous> (/usr/local/lib/node_modules/npm/lib/utils/spawn.js:40:14)
12 verbose stack     at emitTwo (events.js:106:13)
12 verbose stack     at ChildProcess.emit (events.js:191:7)
12 verbose stack     at maybeClose (internal/child_process.js:885:16)
12 verbose stack     at Process.ChildProcess._handle.onexit (internal/child_process.js:226:5)
13 verbose pkgid RockyBoy@1.0.0
14 verbose cwd /Users/franciscocaballero/react/react-realestate/Starter-Kit-2018
15 error Darwin 16.1.0
16 error argv "/usr/local/Cellar/node/7.4.0/bin/node" "/usr/local/bin/npm" "run" "deploy"
17 error node v7.4.0
18 error npm  v4.0.5
19 error code ELIFECYCLE
20 error RockyBoy@1.0.0 predeploy: `npm run build`
20 error Exit status 1
21 error Failed at the RockyBoy@1.0.0 predeploy script 'npm run build'.
21 error Make sure you have the latest version of node.js and npm installed.
21 error If you do, this is most likely a problem with the RockyBoy package,
21 error not with npm itself.
21 error Tell the author that this fails on your system:
21 error     npm run build
21 error You can get information on how to open an issue for this project with:
21 error     npm bugs RockyBoy
21 error Or if that isn't available, you can get their info via:
21 error     npm owner ls RockyBoy
21 error There is likely additional logging output above.
22 verbose exit [ 1, true ]
